<?xml version="1.0" encoding="UTF-8"?>
<robot generator="Robot 3.1.2 (Python 3.7.5 on win32)" generated="20230403 11:23:35.282" rpa="false">
<suite id="s1" name="Demo" source="C:\Users\kumaran\eclipse-workspace\robotproject\Demo">
<suite id="s1-s1" name="Basics" source="C:\Users\kumaran\eclipse-workspace\robotproject\Demo\Basics">
<suite id="s1-s1-s1" name="DataDrivenTesting1" source="C:\Users\kumaran\eclipse-workspace\robotproject\Demo\Basics\DataDrivenTesting1.robot">
<kw name="open myBrowser" library="login_resources1" type="setup">
<kw name="Open Browser" library="SeleniumLibrary">
<doc>Opens a new browser instance to the given ``url``.</doc>
<arguments>
<arg>${Login_url}</arg>
<arg>${Browser}</arg>
</arguments>
<msg timestamp="20230403 11:23:35.590" level="INFO">Opening browser 'Chrome' to base url 'https://admin-demo.nopcommerce.com/'.</msg>
<status status="PASS" starttime="20230403 11:23:35.589" endtime="20230403 11:23:38.249"></status>
</kw>
<status status="PASS" starttime="20230403 11:23:35.588" endtime="20230403 11:23:38.250"></status>
</kw>
<test id="s1-s1-s1-t1" name="valid user and valid password">
<kw name="Valid Login">
<arguments>
<arg>admin@yourstore.com</arg>
<arg>admin</arg>
</arguments>
<kw name="Input Username" library="login_resources1">
<arguments>
<arg>${user_name}</arg>
</arguments>
<kw name="Input Text" library="SeleniumLibrary">
<doc>Types the given ``text`` into text field identified by ``locator``.</doc>
<arguments>
<arg>id=Email</arg>
<arg>${user_name}</arg>
</arguments>
<msg timestamp="20230403 11:23:38.256" level="INFO">Typing text 'admin@yourstore.com' into text field 'id=Email'.</msg>
<status status="PASS" starttime="20230403 11:23:38.254" endtime="20230403 11:23:38.393"></status>
</kw>
<status status="PASS" starttime="20230403 11:23:38.253" endtime="20230403 11:23:38.393"></status>
</kw>
<kw name="Input LoginPassword" library="login_resources1">
<arguments>
<arg>${password}</arg>
</arguments>
<kw name="Input Password" library="SeleniumLibrary">
<doc>Types the given password into text field identified by ``locator``.</doc>
<arguments>
<arg>id=Password</arg>
<arg>${password}</arg>
</arguments>
<msg timestamp="20230403 11:23:38.394" level="INFO">Typing password into text field 'id=Password'.</msg>
<status status="PASS" starttime="20230403 11:23:38.394" endtime="20230403 11:23:38.508"></status>
</kw>
<status status="PASS" starttime="20230403 11:23:38.393" endtime="20230403 11:23:38.508"></status>
</kw>
<kw name="click LoginBtn" library="login_resources1">
<kw name="Click Element" library="SeleniumLibrary">
<doc>Click element identified by ``locator``.</doc>
<arguments>
<arg>${loginBtnLocator}</arg>
</arguments>
<msg timestamp="20230403 11:23:38.510" level="INFO">Clicking element '//button[@type='submit']'.</msg>
<status status="PASS" starttime="20230403 11:23:38.509" endtime="20230403 11:23:40.957"></status>
</kw>
<status status="PASS" starttime="20230403 11:23:38.509" endtime="20230403 11:23:40.957"></status>
</kw>
<kw name="Dasboard Page should be visible" library="login_resources1">
<kw name="Page Should Contain" library="SeleniumLibrary">
<doc>Verifies that current page contains ``text``.</doc>
<arguments>
<arg>Dashboard</arg>
</arguments>
<msg timestamp="20230403 11:23:40.984" level="INFO">Current page contains text 'Dashboard'.</msg>
<status status="PASS" starttime="20230403 11:23:40.959" endtime="20230403 11:23:40.984"></status>
</kw>
<status status="PASS" starttime="20230403 11:23:40.958" endtime="20230403 11:23:40.984"></status>
</kw>
<status status="PASS" starttime="20230403 11:23:38.252" endtime="20230403 11:23:40.984"></status>
</kw>
<status status="PASS" starttime="20230403 11:23:38.251" endtime="20230403 11:23:40.985" critical="yes"></status>
</test>
<kw name="closeBrowsers" library="login_resources1" type="teardown">
<kw name="Close All Browsers" library="SeleniumLibrary">
<doc>Closes all open browsers and resets the browser cache.</doc>
<status status="PASS" starttime="20230403 11:23:40.987" endtime="20230403 11:23:43.171"></status>
</kw>
<status status="PASS" starttime="20230403 11:23:40.986" endtime="20230403 11:23:43.172"></status>
</kw>
<doc>This file has to test the application</doc>
<status status="PASS" starttime="20230403 11:23:35.357" endtime="20230403 11:23:43.172"></status>
</suite>
<status status="PASS" starttime="20230403 11:23:35.353" endtime="20230403 11:23:43.177"></status>
</suite>
<status status="PASS" starttime="20230403 11:23:35.324" endtime="20230403 11:23:43.181"></status>
</suite>
<statistics>
<total>
<stat pass="1" fail="0">Critical Tests</stat>
<stat pass="1" fail="0">All Tests</stat>
</total>
<tag>
</tag>
<suite>
<stat pass="1" fail="0" id="s1" name="Demo">Demo</stat>
<stat pass="1" fail="0" id="s1-s1" name="Basics">Demo.Basics</stat>
<stat pass="1" fail="0" id="s1-s1-s1" name="DataDrivenTesting1">Demo.Basics.DataDrivenTesting1</stat>
</suite>
</statistics>
<errors>
</errors>
</robot>
